memory[0]=8454159
memory[1]=12648449
memory[2]=9043970
memory[3]=13238275
memory[4]=9633794
memory[5]=13828101
memory[6]=10223651
memory[7]=14418005
memory[8]=10747944
memory[9]=14942298
memory[10]=10813533
memory[11]=15007994
memory[12]=9043970
memory[13]=13238275
memory[14]=25165824
memory[15]=-1
Simulating a cache with 4 total lines; each line has 2 words
Each set in the cache contains 2 lines; there are 2 sets
$$$ transferring word [0-1] from the memory to the cache
$$$ transferring word [0-0] from the cache to the processor
$$$ transferring word [14-15] from the memory to the cache
$$$ transferring word [15-15] from the cache to the processor
$$$ transferring word [1-1] from the cache to the processor
$$$ transferring word [1-1] from the processor to the cache
$$$ transferring word [2-3] from the memory to the cache
$$$ transferring word [2-2] from the cache to the processor
$$$ transferring word [2-2] from the cache to the processor
$$$ transferring word [3-3] from the cache to the processor
$$$ transferring word [3-3] from the processor to the cache
$$$ transferring word [4-5] from the memory to the cache
$$$ transferring word [4-4] from the cache to the processor
$$$ transferring word [2-2] from the cache to the processor
$$$ transferring word [5-5] from the cache to the processor
$$$ transferring word [5-5] from the processor to the cache
$$$ transferring word [14-15] from the cache to nowhere
$$$ transferring word [6-7] from the memory to the cache
$$$ transferring word [6-6] from the cache to the processor
$$$ transferring word [2-3] from the cache to the memory
$$$ transferring word [34-35] from the memory to the cache
$$$ transferring word [35-35] from the cache to the processor
$$$ transferring word [7-7] from the cache to the processor
$$$ transferring word [0-1] from the cache to the memory
$$$ transferring word [84-85] from the memory to the cache
$$$ transferring word [85-85] from the processor to the cache
$$$ transferring word [4-5] from the cache to the memory
$$$ transferring word [8-9] from the memory to the cache
$$$ transferring word [8-8] from the cache to the processor
$$$ transferring word [84-85] from the cache to the memory
$$$ transferring word [40-41] from the memory to the cache
$$$ transferring word [40-40] from the cache to the processor
$$$ transferring word [9-9] from the cache to the processor
$$$ transferring word [34-35] from the cache to nowhere
$$$ transferring word [90-91] from the memory to the cache
$$$ transferring word [90-90] from the processor to the cache
$$$ transferring word [6-7] from the cache to nowhere
$$$ transferring word [10-11] from the memory to the cache
$$$ transferring word [10-10] from the cache to the processor
$$$ transferring word [40-41] from the cache to nowhere
$$$ transferring word [92-93] from the memory to the cache
$$$ transferring word [93-93] from the cache to the processor
$$$ transferring word [11-11] from the cache to the processor
$$$ transferring word [90-91] from the cache to the memory
$$$ transferring word [250-251] from the memory to the cache
$$$ transferring word [250-250] from the processor to the cache
$$$ transferring word [8-9] from the cache to nowhere
$$$ transferring word [12-13] from the memory to the cache
$$$ transferring word [12-12] from the cache to the processor
$$$ transferring word [10-11] from the cache to nowhere
$$$ transferring word [2-3] from the memory to the cache
$$$ transferring word [2-2] from the cache to the processor
$$$ transferring word [13-13] from the cache to the processor
$$$ transferring word [3-3] from the processor to the cache
$$$ transferring word [250-251] from the cache to the memory
$$$ transferring word [14-15] from the memory to the cache
$$$ transferring word [14-14] from the cache to the processor
machine halted
total of 15 instructions executed
final state of machine:
$$$ Main memory words accessed: 44
End of run statistics:

@@@
state:
	pc 15
	memory:
		mem[ 0 ] 8454159
		mem[ 1 ] 12648449
		mem[ 2 ] 9043970
		mem[ 3 ] 13238275
		mem[ 4 ] 9633794
		mem[ 5 ] 13828101
		mem[ 6 ] 10223651
		mem[ 7 ] 14418005
		mem[ 8 ] 10747944
		mem[ 9 ] 14942298
		mem[ 10 ] 10813533
		mem[ 11 ] 15007994
		mem[ 12 ] 9043970
		mem[ 13 ] 13238275
		mem[ 14 ] 25165824
		mem[ 15 ] -1
	registers:
		reg[ 0 ] 0
		reg[ 1 ] 0
		reg[ 2 ] 0
		reg[ 3 ] 0
		reg[ 4 ] 0
		reg[ 5 ] 0
		reg[ 6 ] 0
		reg[ 7 ] 0
end state
